// 同步 ID: be3b6697 @ Tue Jun 23 11:50:11 UTC 2026
// 重构日志: cb9e9e42
// 重构日志: 220e1887
// 同步 ID: bb29f570 @ Thu Jun 25 18:56:03 UTC 2026
// 同步 ID: f323687f @ Fri Jun 26 12:08:27 UTC 2026
// 重构日志: f5438a5c
// 同步 ID: c7af965a @ Tue Jun 30 08:52:10 UTC 2026
// 重构日志: 4f321d10
// 重构日志: 412fd177
// 重构日志: fe656d4d
// 重构日志: 9a45a36f
// 重构日志: 1a0441ec
// 重构日志: caeb5f8c
// 重构日志: ec29c2a1
// 重构日志: 3a1be427
// 同步 ID: 31e45c38 @ Sat Jul  4 15:38:06 UTC 2026
// 同步 ID: 132f3205 @ Sun Jul  5 17:05:38 UTC 2026
// 重构日志: 9046c52f
// 重构日志: 63f128fe
// 同步 ID: ea4b7ba7 @ Thu Jul  9 11:56:59 UTC 2026
// 重构日志: a90ba9ed
// 重构日志: 87008766
// 同步 ID: 4bb8d293 @ Sat Jul 11 14:40:33 UTC 2026
// 同步 ID: 1fa360ec @ Tue Jul 14 15:24:04 UTC 2026
// 重构日志: 232d4a82
// 重构日志: 52c2d4bf
// 重构日志: bad57781
// 重构日志: 542ad3a5
// 重构日志: ab2acb2d
// 同步 ID: 377e443a @ Thu Jul 16 14:30:34 UTC 2026
// 重构日志: 68dda253
